{"name":"dadi-web","hostname":"Jamess-MacBook.Home","pid":82338,"level":30,"msg":"Starting DADI Web in single thread mode.","time":"2016-07-08T01:25:18.039Z","v":0}
{"name":"dadi-web","hostname":"Jamess-MacBook.Home","pid":82338,"level":30,"module":"server","msg":"Server logging started.","time":"2016-07-08T01:25:19.470Z","v":0}
{"name":"dadi-web","hostname":"Jamess-MacBook.Home","pid":82338,"level":30,"msg":"Transport security is not enabled.","time":"2016-07-08T01:25:19.473Z","v":0}
{"name":"dadi-web","hostname":"Jamess-MacBook.Home","pid":82338,"level":30,"module":"cache","msg":"Cache logging started.","time":"2016-07-08T01:25:19.514Z","v":0}
{"name":"dadi-web","hostname":"Jamess-MacBook.Home","pid":82338,"level":30,"module":"router","msg":"Router logging started.","time":"2016-07-08T01:25:19.514Z","v":0}
{"name":"dadi-web","hostname":"Jamess-MacBook.Home","pid":82338,"level":30,"module":"router","msg":"No route constraints loaded, file not found (/Users/jameslambie/projects/code/dadi-stack/web/node_modules/@dadi/web/app/routes/constraints.js)","time":"2016-07-08T01:25:19.515Z","v":0}
{"name":"dadi-web","hostname":"Jamess-MacBook.Home","pid":82338,"level":30,"msg":"Process 82338 is listening for incoming requests","time":"2016-07-08T01:25:19.523Z","v":0}
{"name":"dadi-web","hostname":"Jamess-MacBook.Home","pid":82338,"level":30,"msg":"Log directory created at /Users/jameslambie/projects/code/dadi-stack/web/log","time":"2016-07-08T01:25:19.536Z","v":0}
{"name":"dadi-web","hostname":"Jamess-MacBook.Home","pid":82338,"level":30,"module":"server","msg":"Created directory /Users/jameslambie/projects/code/dadi-stack/web/node_modules/@dadi/web/.wallet","time":"2016-07-08T01:25:19.543Z","v":0}
{"name":"dadi-web","hostname":"Jamess-MacBook.Home","pid":82338,"level":30,"module":"server","msg":"Created directory /Users/jameslambie/projects/code/dadi-stack/web/node_modules/@dadi/web/app","time":"2016-07-08T01:25:19.558Z","v":0}
{"name":"dadi-web","hostname":"Jamess-MacBook.Home","pid":82338,"level":30,"module":"server","msg":"Created directory /Users/jameslambie/projects/code/dadi-stack/web/node_modules/@dadi/web/app/utils","time":"2016-07-08T01:25:19.558Z","v":0}
{"name":"dadi-web","hostname":"Jamess-MacBook.Home","pid":82338,"level":30,"module":"server","msg":"Created directory /Users/jameslambie/projects/code/dadi-stack/web/node_modules/@dadi/web/app/pages","time":"2016-07-08T01:25:19.562Z","v":0}
{"name":"dadi-web","hostname":"Jamess-MacBook.Home","pid":82338,"level":30,"module":"server","msg":"Created directory /Users/jameslambie/projects/code/dadi-stack/web/node_modules/@dadi/web/app/events","time":"2016-07-08T01:25:19.569Z","v":0}
{"name":"dadi-web","hostname":"Jamess-MacBook.Home","pid":82338,"level":30,"module":"server","msg":"Created directory /Users/jameslambie/projects/code/dadi-stack/web/node_modules/@dadi/web/app/routes","time":"2016-07-08T01:25:19.569Z","v":0}
{"name":"dadi-web","hostname":"Jamess-MacBook.Home","pid":82338,"level":30,"module":"server","msg":"Created directory /Users/jameslambie/projects/code/dadi-stack/web/node_modules/@dadi/web/app/utils/helpers","time":"2016-07-08T01:25:19.570Z","v":0}
{"name":"dadi-web","hostname":"Jamess-MacBook.Home","pid":82338,"level":30,"module":"server","msg":"Created directory /Users/jameslambie/projects/code/dadi-stack/web/node_modules/@dadi/web/app/partials","time":"2016-07-08T01:25:19.570Z","v":0}
{"name":"dadi-web","hostname":"Jamess-MacBook.Home","pid":82338,"level":30,"module":"server","msg":"Created directory /Users/jameslambie/projects/code/dadi-stack/web/node_modules/@dadi/web/app/middleware","time":"2016-07-08T01:25:19.570Z","v":0}
{"name":"dadi-web","hostname":"Jamess-MacBook.Home","pid":82338,"level":30,"module":"server","msg":"Created directory /Users/jameslambie/projects/code/dadi-stack/web/node_modules/@dadi/web/app/media","time":"2016-07-08T01:25:19.572Z","v":0}
{"name":"dadi-web","hostname":"Jamess-MacBook.Home","pid":82338,"level":30,"module":"server","msg":"Created directory /Users/jameslambie/projects/code/dadi-stack/web/node_modules/@dadi/web/app/public","time":"2016-07-08T01:25:19.573Z","v":0}
{"name":"dadi-web","hostname":"Jamess-MacBook.Home","pid":82338,"level":30,"module":"server","msg":"Load complete.","time":"2016-07-08T01:25:19.577Z","v":0}
{"name":"dadi-web","hostname":"Jamess-MacBook.Home","pid":82338,"level":30,"module":"server","msg":"Server stopped, process exiting.","time":"2016-07-08T01:25:36.071Z","v":0}
{"name":"dadi-web","hostname":"Jamess-MacBook.Home","pid":82352,"level":30,"msg":"Starting DADI Web in single thread mode.","time":"2016-07-08T01:27:11.806Z","v":0}
{"name":"dadi-web","hostname":"Jamess-MacBook.Home","pid":82352,"level":30,"module":"server","msg":"Server logging started.","time":"2016-07-08T01:27:13.105Z","v":0}
{"name":"dadi-web","hostname":"Jamess-MacBook.Home","pid":82352,"level":30,"msg":"Transport security is not enabled.","time":"2016-07-08T01:27:13.108Z","v":0}
{"name":"dadi-web","hostname":"Jamess-MacBook.Home","pid":82352,"level":30,"module":"cache","msg":"Cache logging started.","time":"2016-07-08T01:27:13.146Z","v":0}
{"name":"dadi-web","hostname":"Jamess-MacBook.Home","pid":82352,"level":30,"module":"router","msg":"Router logging started.","time":"2016-07-08T01:27:13.147Z","v":0}
{"name":"dadi-web","hostname":"Jamess-MacBook.Home","pid":82352,"level":30,"module":"router","msg":"No route constraints loaded, file not found (/app/routes/constraints.js)","time":"2016-07-08T01:27:13.148Z","v":0}
{"name":"dadi-web","hostname":"Jamess-MacBook.Home","pid":82352,"level":30,"msg":"Process 82352 is listening for incoming requests","time":"2016-07-08T01:27:13.153Z","v":0}
{"name":"dadi-web","hostname":"Jamess-MacBook.Home","pid":82352,"level":50,"module":"server","msg":"{ [Error: EACCES: permission denied, mkdir '/.wallet'] errno: -13, code: 'EACCES', syscall: 'mkdir', path: '/.wallet' }","time":"2016-07-08T01:27:13.186Z","v":0}
{"name":"dadi-web","hostname":"Jamess-MacBook.Home","pid":82352,"level":50,"module":"server","msg":"{ [Error: EACCES: permission denied, mkdir '/.wallet'] errno: -13, code: 'EACCES', syscall: 'mkdir', path: '/.wallet' }","time":"2016-07-08T01:27:13.186Z","v":0}
{"name":"dadi-web","hostname":"Jamess-MacBook.Home","pid":82352,"level":50,"module":"server","msg":"{ [Error: EACCES: permission denied, mkdir '/.wallet'] errno: -13, code: 'EACCES', syscall: 'mkdir', path: '/.wallet' }","time":"2016-07-08T01:27:13.186Z","v":0}
{"name":"dadi-web","hostname":"Jamess-MacBook.Home","pid":82352,"level":50,"module":"server","msg":"{ [Error: EACCES: permission denied, mkdir '/.wallet'] errno: -13, code: 'EACCES', syscall: 'mkdir', path: '/.wallet' }","time":"2016-07-08T01:27:13.189Z","v":0}
{"name":"dadi-web","hostname":"Jamess-MacBook.Home","pid":82352,"level":50,"module":"server","msg":"{ [Error: EACCES: permission denied, mkdir '/.wallet'] errno: -13, code: 'EACCES', syscall: 'mkdir', path: '/.wallet' }","time":"2016-07-08T01:27:13.190Z","v":0}
{"name":"dadi-web","hostname":"Jamess-MacBook.Home","pid":82352,"level":50,"module":"server","msg":"{ [Error: EACCES: permission denied, mkdir '/.wallet'] errno: -13, code: 'EACCES', syscall: 'mkdir', path: '/.wallet' }","time":"2016-07-08T01:27:13.191Z","v":0}
{"name":"dadi-web","hostname":"Jamess-MacBook.Home","pid":82352,"level":50,"module":"server","msg":"{ [Error: EACCES: permission denied, mkdir '/.wallet'] errno: -13, code: 'EACCES', syscall: 'mkdir', path: '/.wallet' }","time":"2016-07-08T01:27:13.192Z","v":0}
{"name":"dadi-web","hostname":"Jamess-MacBook.Home","pid":82352,"level":50,"module":"server","msg":"{ [Error: EACCES: permission denied, mkdir '/.wallet'] errno: -13, code: 'EACCES', syscall: 'mkdir', path: '/.wallet' }","time":"2016-07-08T01:27:13.197Z","v":0}
{"name":"dadi-web","hostname":"Jamess-MacBook.Home","pid":82352,"level":50,"module":"server","msg":"{ [Error: EACCES: permission denied, mkdir '/.wallet'] errno: -13, code: 'EACCES', syscall: 'mkdir', path: '/.wallet' }","time":"2016-07-08T01:27:13.198Z","v":0}
{"name":"dadi-web","hostname":"Jamess-MacBook.Home","pid":82352,"level":50,"module":"server","msg":"{ [Error: EACCES: permission denied, mkdir '/.wallet'] errno: -13, code: 'EACCES', syscall: 'mkdir', path: '/.wallet' }","time":"2016-07-08T01:27:13.200Z","v":0}
{"name":"dadi-web","hostname":"Jamess-MacBook.Home","pid":82352,"level":50,"module":"server","msg":"{ [Error: EACCES: permission denied, mkdir '/.wallet'] errno: -13, code: 'EACCES', syscall: 'mkdir', path: '/.wallet' }","time":"2016-07-08T01:27:13.202Z","v":0}
{"name":"dadi-web","hostname":"Jamess-MacBook.Home","pid":82352,"level":50,"module":"server","msg":"{ [Error: EACCES: permission denied, mkdir '/.wallet'] errno: -13, code: 'EACCES', syscall: 'mkdir', path: '/.wallet' }","time":"2016-07-08T01:27:13.204Z","v":0}
{"name":"dadi-web","hostname":"Jamess-MacBook.Home","pid":82352,"level":50,"module":"server","msg":"{ [Error: EACCES: permission denied, mkdir '/.wallet'] errno: -13, code: 'EACCES', syscall: 'mkdir', path: '/.wallet' }","time":"2016-07-08T01:27:13.205Z","v":0}
{"name":"dadi-web","hostname":"Jamess-MacBook.Home","pid":82352,"level":50,"module":"server","msg":"{ [Error: EACCES: permission denied, mkdir '/.wallet'] errno: -13, code: 'EACCES', syscall: 'mkdir', path: '/.wallet' }","time":"2016-07-08T01:27:13.207Z","v":0}
{"name":"dadi-web","hostname":"Jamess-MacBook.Home","pid":82352,"level":50,"module":"server","msg":"{ [Error: EACCES: permission denied, mkdir '/app'] errno: -13, code: 'EACCES', syscall: 'mkdir', path: '/app' }","time":"2016-07-08T01:27:13.208Z","v":0}
{"name":"dadi-web","hostname":"Jamess-MacBook.Home","pid":82352,"level":50,"module":"server","msg":"{ [Error: EACCES: permission denied, mkdir '/app'] errno: -13, code: 'EACCES', syscall: 'mkdir', path: '/app' }","time":"2016-07-08T01:27:13.209Z","v":0}
{"name":"dadi-web","hostname":"Jamess-MacBook.Home","pid":82352,"level":50,"module":"server","msg":"{ [Error: EACCES: permission denied, mkdir '/app'] errno: -13, code: 'EACCES', syscall: 'mkdir', path: '/app' }","time":"2016-07-08T01:27:13.210Z","v":0}
{"name":"dadi-web","hostname":"Jamess-MacBook.Home","pid":82352,"level":50,"module":"server","msg":"{ [Error: EACCES: permission denied, mkdir '/app'] errno: -13, code: 'EACCES', syscall: 'mkdir', path: '/app' }","time":"2016-07-08T01:27:13.210Z","v":0}
{"name":"dadi-web","hostname":"Jamess-MacBook.Home","pid":82352,"level":50,"module":"server","msg":"{ [Error: EACCES: permission denied, mkdir '/app'] errno: -13, code: 'EACCES', syscall: 'mkdir', path: '/app' }","time":"2016-07-08T01:27:13.211Z","v":0}
{"name":"dadi-web","hostname":"Jamess-MacBook.Home","pid":82352,"level":50,"module":"server","msg":"{ [Error: EACCES: permission denied, mkdir '/app'] errno: -13, code: 'EACCES', syscall: 'mkdir', path: '/app' }","time":"2016-07-08T01:27:13.216Z","v":0}
{"name":"dadi-web","hostname":"Jamess-MacBook.Home","pid":82352,"level":50,"module":"server","msg":"{ [Error: EACCES: permission denied, mkdir '/app'] errno: -13, code: 'EACCES', syscall: 'mkdir', path: '/app' }","time":"2016-07-08T01:27:13.218Z","v":0}
{"name":"dadi-web","hostname":"Jamess-MacBook.Home","pid":82352,"level":50,"module":"server","msg":"{ [Error: EACCES: permission denied, mkdir '/.wallet'] errno: -13, code: 'EACCES', syscall: 'mkdir', path: '/.wallet' }","time":"2016-07-08T01:27:13.189Z","v":0}
{"name":"dadi-web","hostname":"Jamess-MacBook.Home","pid":82352,"level":50,"module":"server","msg":"{ [Error: EACCES: permission denied, mkdir '/.wallet'] errno: -13, code: 'EACCES', syscall: 'mkdir', path: '/.wallet' }","time":"2016-07-08T01:27:13.190Z","v":0}
{"name":"dadi-web","hostname":"Jamess-MacBook.Home","pid":82352,"level":50,"module":"server","msg":"{ [Error: EACCES: permission denied, mkdir '/.wallet'] errno: -13, code: 'EACCES', syscall: 'mkdir', path: '/.wallet' }","time":"2016-07-08T01:27:13.191Z","v":0}
{"name":"dadi-web","hostname":"Jamess-MacBook.Home","pid":82352,"level":50,"module":"server","msg":"{ [Error: EACCES: permission denied, mkdir '/.wallet'] errno: -13, code: 'EACCES', syscall: 'mkdir', path: '/.wallet' }","time":"2016-07-08T01:27:13.192Z","v":0}
{"name":"dadi-web","hostname":"Jamess-MacBook.Home","pid":82352,"level":50,"module":"server","msg":"{ [Error: EACCES: permission denied, mkdir '/.wallet'] errno: -13, code: 'EACCES', syscall: 'mkdir', path: '/.wallet' }","time":"2016-07-08T01:27:13.197Z","v":0}
{"name":"dadi-web","hostname":"Jamess-MacBook.Home","pid":82352,"level":50,"module":"server","msg":"{ [Error: EACCES: permission denied, mkdir '/.wallet'] errno: -13, code: 'EACCES', syscall: 'mkdir', path: '/.wallet' }","time":"2016-07-08T01:27:13.198Z","v":0}
{"name":"dadi-web","hostname":"Jamess-MacBook.Home","pid":82352,"level":50,"module":"server","msg":"{ [Error: EACCES: permission denied, mkdir '/.wallet'] errno: -13, code: 'EACCES', syscall: 'mkdir', path: '/.wallet' }","time":"2016-07-08T01:27:13.200Z","v":0}
{"name":"dadi-web","hostname":"Jamess-MacBook.Home","pid":82352,"level":50,"module":"server","msg":"{ [Error: EACCES: permission denied, mkdir '/.wallet'] errno: -13, code: 'EACCES', syscall: 'mkdir', path: '/.wallet' }","time":"2016-07-08T01:27:13.202Z","v":0}
{"name":"dadi-web","hostname":"Jamess-MacBook.Home","pid":82352,"level":50,"module":"server","msg":"{ [Error: EACCES: permission denied, mkdir '/.wallet'] errno: -13, code: 'EACCES', syscall: 'mkdir', path: '/.wallet' }","time":"2016-07-08T01:27:13.204Z","v":0}
{"name":"dadi-web","hostname":"Jamess-MacBook.Home","pid":82352,"level":50,"module":"server","msg":"{ [Error: EACCES: permission denied, mkdir '/.wallet'] errno: -13, code: 'EACCES', syscall: 'mkdir', path: '/.wallet' }","time":"2016-07-08T01:27:13.205Z","v":0}
{"name":"dadi-web","hostname":"Jamess-MacBook.Home","pid":82352,"level":50,"module":"server","msg":"{ [Error: EACCES: permission denied, mkdir '/.wallet'] errno: -13, code: 'EACCES', syscall: 'mkdir', path: '/.wallet' }","time":"2016-07-08T01:27:13.207Z","v":0}
{"name":"dadi-web","hostname":"Jamess-MacBook.Home","pid":82352,"level":50,"module":"server","msg":"{ [Error: EACCES: permission denied, mkdir '/app'] errno: -13, code: 'EACCES', syscall: 'mkdir', path: '/app' }","time":"2016-07-08T01:27:13.208Z","v":0}
{"name":"dadi-web","hostname":"Jamess-MacBook.Home","pid":82352,"level":50,"module":"server","msg":"{ [Error: EACCES: permission denied, mkdir '/app'] errno: -13, code: 'EACCES', syscall: 'mkdir', path: '/app' }","time":"2016-07-08T01:27:13.209Z","v":0}
{"name":"dadi-web","hostname":"Jamess-MacBook.Home","pid":82352,"level":50,"module":"server","msg":"{ [Error: EACCES: permission denied, mkdir '/app'] errno: -13, code: 'EACCES', syscall: 'mkdir', path: '/app' }","time":"2016-07-08T01:27:13.210Z","v":0}
{"name":"dadi-web","hostname":"Jamess-MacBook.Home","pid":82352,"level":50,"module":"server","msg":"{ [Error: EACCES: permission denied, mkdir '/app'] errno: -13, code: 'EACCES', syscall: 'mkdir', path: '/app' }","time":"2016-07-08T01:27:13.210Z","v":0}
{"name":"dadi-web","hostname":"Jamess-MacBook.Home","pid":82352,"level":50,"module":"server","msg":"{ [Error: EACCES: permission denied, mkdir '/app'] errno: -13, code: 'EACCES', syscall: 'mkdir', path: '/app' }","time":"2016-07-08T01:27:13.211Z","v":0}
{"name":"dadi-web","hostname":"Jamess-MacBook.Home","pid":82352,"level":50,"module":"server","msg":"{ [Error: EACCES: permission denied, mkdir '/app'] errno: -13, code: 'EACCES', syscall: 'mkdir', path: '/app' }","time":"2016-07-08T01:27:13.216Z","v":0}
{"name":"dadi-web","hostname":"Jamess-MacBook.Home","pid":82352,"level":50,"module":"server","msg":"{ [Error: EACCES: permission denied, mkdir '/app'] errno: -13, code: 'EACCES', syscall: 'mkdir', path: '/app' }","time":"2016-07-08T01:27:13.218Z","v":0}
{"name":"dadi-web","hostname":"Jamess-MacBook.Home","pid":82352,"level":50,"module":"server","msg":"{ [Error: EACCES: permission denied, mkdir '/.wallet'] errno: -13, code: 'EACCES', syscall: 'mkdir', path: '/.wallet' }","time":"2016-07-08T01:27:13.189Z","v":0}
{"name":"dadi-web","hostname":"Jamess-MacBook.Home","pid":82352,"level":50,"module":"server","msg":"{ [Error: EACCES: permission denied, mkdir '/.wallet'] errno: -13, code: 'EACCES', syscall: 'mkdir', path: '/.wallet' }","time":"2016-07-08T01:27:13.190Z","v":0}
{"name":"dadi-web","hostname":"Jamess-MacBook.Home","pid":82352,"level":50,"module":"server","msg":"{ [Error: EACCES: permission denied, mkdir '/.wallet'] errno: -13, code: 'EACCES', syscall: 'mkdir', path: '/.wallet' }","time":"2016-07-08T01:27:13.191Z","v":0}
{"name":"dadi-web","hostname":"Jamess-MacBook.Home","pid":82352,"level":50,"module":"server","msg":"{ [Error: EACCES: permission denied, mkdir '/.wallet'] errno: -13, code: 'EACCES', syscall: 'mkdir', path: '/.wallet' }","time":"2016-07-08T01:27:13.192Z","v":0}
{"name":"dadi-web","hostname":"Jamess-MacBook.Home","pid":82352,"level":50,"module":"server","msg":"{ [Error: EACCES: permission denied, mkdir '/.wallet'] errno: -13, code: 'EACCES', syscall: 'mkdir', path: '/.wallet' }","time":"2016-07-08T01:27:13.197Z","v":0}
{"name":"dadi-web","hostname":"Jamess-MacBook.Home","pid":82352,"level":50,"module":"server","msg":"{ [Error: EACCES: permission denied, mkdir '/.wallet'] errno: -13, code: 'EACCES', syscall: 'mkdir', path: '/.wallet' }","time":"2016-07-08T01:27:13.198Z","v":0}
{"name":"dadi-web","hostname":"Jamess-MacBook.Home","pid":82352,"level":50,"module":"server","msg":"{ [Error: EACCES: permission denied, mkdir '/.wallet'] errno: -13, code: 'EACCES', syscall: 'mkdir', path: '/.wallet' }","time":"2016-07-08T01:27:13.200Z","v":0}
{"name":"dadi-web","hostname":"Jamess-MacBook.Home","pid":82352,"level":50,"module":"server","msg":"{ [Error: EACCES: permission denied, mkdir '/.wallet'] errno: -13, code: 'EACCES', syscall: 'mkdir', path: '/.wallet' }","time":"2016-07-08T01:27:13.202Z","v":0}
{"name":"dadi-web","hostname":"Jamess-MacBook.Home","pid":82352,"level":50,"module":"server","msg":"{ [Error: EACCES: permission denied, mkdir '/.wallet'] errno: -13, code: 'EACCES', syscall: 'mkdir', path: '/.wallet' }","time":"2016-07-08T01:27:13.204Z","v":0}
{"name":"dadi-web","hostname":"Jamess-MacBook.Home","pid":82352,"level":50,"module":"server","msg":"{ [Error: EACCES: permission denied, mkdir '/.wallet'] errno: -13, code: 'EACCES', syscall: 'mkdir', path: '/.wallet' }","time":"2016-07-08T01:27:13.205Z","v":0}
{"name":"dadi-web","hostname":"Jamess-MacBook.Home","pid":82352,"level":50,"module":"server","msg":"{ [Error: EACCES: permission denied, mkdir '/.wallet'] errno: -13, code: 'EACCES', syscall: 'mkdir', path: '/.wallet' }","time":"2016-07-08T01:27:13.207Z","v":0}
{"name":"dadi-web","hostname":"Jamess-MacBook.Home","pid":82352,"level":50,"module":"server","msg":"{ [Error: EACCES: permission denied, mkdir '/app'] errno: -13, code: 'EACCES', syscall: 'mkdir', path: '/app' }","time":"2016-07-08T01:27:13.208Z","v":0}
{"name":"dadi-web","hostname":"Jamess-MacBook.Home","pid":82352,"level":50,"module":"server","msg":"{ [Error: EACCES: permission denied, mkdir '/app'] errno: -13, code: 'EACCES', syscall: 'mkdir', path: '/app' }","time":"2016-07-08T01:27:13.209Z","v":0}
{"name":"dadi-web","hostname":"Jamess-MacBook.Home","pid":82352,"level":50,"module":"server","msg":"{ [Error: EACCES: permission denied, mkdir '/app'] errno: -13, code: 'EACCES', syscall: 'mkdir', path: '/app' }","time":"2016-07-08T01:27:13.210Z","v":0}
{"name":"dadi-web","hostname":"Jamess-MacBook.Home","pid":82352,"level":50,"module":"server","msg":"{ [Error: EACCES: permission denied, mkdir '/app'] errno: -13, code: 'EACCES', syscall: 'mkdir', path: '/app' }","time":"2016-07-08T01:27:13.210Z","v":0}
{"name":"dadi-web","hostname":"Jamess-MacBook.Home","pid":82352,"level":50,"module":"server","msg":"{ [Error: EACCES: permission denied, mkdir '/app'] errno: -13, code: 'EACCES', syscall: 'mkdir', path: '/app' }","time":"2016-07-08T01:27:13.211Z","v":0}
{"name":"dadi-web","hostname":"Jamess-MacBook.Home","pid":82352,"level":50,"module":"server","msg":"{ [Error: EACCES: permission denied, mkdir '/app'] errno: -13, code: 'EACCES', syscall: 'mkdir', path: '/app' }","time":"2016-07-08T01:27:13.216Z","v":0}
{"name":"dadi-web","hostname":"Jamess-MacBook.Home","pid":82352,"level":50,"module":"server","msg":"{ [Error: EACCES: permission denied, mkdir '/app'] errno: -13, code: 'EACCES', syscall: 'mkdir', path: '/app' }","time":"2016-07-08T01:27:13.218Z","v":0}
{"name":"dadi-web","hostname":"Jamess-MacBook.Home","pid":82352,"level":50,"module":"server","msg":"{ [Error: EACCES: permission denied, mkdir '/app'] errno: -13, code: 'EACCES', syscall: 'mkdir', path: '/app' }","time":"2016-07-08T01:27:13.220Z","v":0}
{"name":"dadi-web","hostname":"Jamess-MacBook.Home","pid":82352,"level":50,"module":"server","msg":"{ [Error: EACCES: permission denied, mkdir '/app'] errno: -13, code: 'EACCES', syscall: 'mkdir', path: '/app' }","time":"2016-07-08T01:27:13.240Z","v":0}
{"name":"dadi-web","hostname":"Jamess-MacBook.Home","pid":82352,"level":50,"module":"server","msg":"{ [Error: EACCES: permission denied, mkdir '/app'] errno: -13, code: 'EACCES', syscall: 'mkdir', path: '/app' }","time":"2016-07-08T01:27:13.241Z","v":0}
{"name":"dadi-web","hostname":"Jamess-MacBook.Home","pid":82352,"level":50,"module":"server","msg":"{ [Error: EACCES: permission denied, mkdir '/app'] errno: -13, code: 'EACCES', syscall: 'mkdir', path: '/app' }","time":"2016-07-08T01:27:13.242Z","v":0}
{"name":"dadi-web","hostname":"Jamess-MacBook.Home","pid":82352,"level":50,"module":"server","msg":"{ [Error: EACCES: permission denied, mkdir '/app'] errno: -13, code: 'EACCES', syscall: 'mkdir', path: '/app' }","time":"2016-07-08T01:27:13.244Z","v":0}
{"name":"dadi-web","hostname":"Jamess-MacBook.Home","pid":82352,"level":50,"module":"server","msg":"{ [Error: EACCES: permission denied, mkdir '/app'] errno: -13, code: 'EACCES', syscall: 'mkdir', path: '/app' }","time":"2016-07-08T01:27:13.245Z","v":0}
{"name":"dadi-web","hostname":"Jamess-MacBook.Home","pid":82360,"level":30,"msg":"Starting DADI Web in single thread mode.","time":"2016-07-08T01:27:26.340Z","v":0}
{"name":"dadi-web","hostname":"Jamess-MacBook.Home","pid":82360,"level":30,"module":"server","msg":"Server logging started.","time":"2016-07-08T01:27:27.414Z","v":0}
{"name":"dadi-web","hostname":"Jamess-MacBook.Home","pid":82360,"level":30,"msg":"Transport security is not enabled.","time":"2016-07-08T01:27:27.417Z","v":0}
{"name":"dadi-web","hostname":"Jamess-MacBook.Home","pid":82360,"level":30,"module":"cache","msg":"Cache logging started.","time":"2016-07-08T01:27:27.440Z","v":0}
{"name":"dadi-web","hostname":"Jamess-MacBook.Home","pid":82360,"level":30,"module":"router","msg":"Router logging started.","time":"2016-07-08T01:27:27.441Z","v":0}
{"name":"dadi-web","hostname":"Jamess-MacBook.Home","pid":82360,"level":30,"msg":"Process 82360 is listening for incoming requests","time":"2016-07-08T01:27:27.449Z","v":0}
{"name":"dadi-web","hostname":"Jamess-MacBook.Home","pid":82360,"level":30,"module":"server","msg":"Created directory /Users/jameslambie/projects/code/dadi-stack/web/app/public","time":"2016-07-08T01:27:27.467Z","v":0}
{"name":"dadi-web","hostname":"Jamess-MacBook.Home","pid":82360,"level":50,"module":"server","msg":"{ [Error: EACCES: permission denied, mkdir '/.wallet'] errno: -13, code: 'EACCES', syscall: 'mkdir', path: '/.wallet' }","time":"2016-07-08T01:27:27.473Z","v":0}
{"name":"dadi-web","hostname":"Jamess-MacBook.Home","pid":82360,"level":50,"module":"server","msg":"{ [Error: EACCES: permission denied, mkdir '/.wallet'] errno: -13, code: 'EACCES', syscall: 'mkdir', path: '/.wallet' }","time":"2016-07-08T01:27:27.473Z","v":0}
{"name":"dadi-web","hostname":"Jamess-MacBook.Home","pid":82368,"level":30,"msg":"Starting DADI Web in single thread mode.","time":"2016-07-08T01:27:41.491Z","v":0}
{"name":"dadi-web","hostname":"Jamess-MacBook.Home","pid":82368,"level":30,"module":"server","msg":"Server logging started.","time":"2016-07-08T01:27:42.405Z","v":0}
{"name":"dadi-web","hostname":"Jamess-MacBook.Home","pid":82368,"level":30,"msg":"Transport security is not enabled.","time":"2016-07-08T01:27:42.408Z","v":0}
{"name":"dadi-web","hostname":"Jamess-MacBook.Home","pid":82368,"level":30,"module":"cache","msg":"Cache logging started.","time":"2016-07-08T01:27:42.444Z","v":0}
{"name":"dadi-web","hostname":"Jamess-MacBook.Home","pid":82368,"level":30,"module":"router","msg":"Router logging started.","time":"2016-07-08T01:27:42.445Z","v":0}
{"name":"dadi-web","hostname":"Jamess-MacBook.Home","pid":82368,"level":30,"msg":"Process 82368 is listening for incoming requests","time":"2016-07-08T01:27:42.452Z","v":0}
{"name":"dadi-web","hostname":"Jamess-MacBook.Home","pid":82368,"level":50,"module":"server","msg":"{ [Error: EACCES: permission denied, mkdir '/.wallet'] errno: -13, code: 'EACCES', syscall: 'mkdir', path: '/.wallet' }","time":"2016-07-08T01:27:42.474Z","v":0}
{"name":"dadi-web","hostname":"Jamess-MacBook.Home","pid":82368,"level":50,"module":"server","msg":"{ [Error: EACCES: permission denied, mkdir '/.wallet'] errno: -13, code: 'EACCES', syscall: 'mkdir', path: '/.wallet' }","time":"2016-07-08T01:27:42.474Z","v":0}
{"name":"dadi-web","hostname":"Jamess-MacBook.Home","pid":82368,"level":50,"module":"server","msg":"{ [Error: EACCES: permission denied, mkdir '/.wallet'] errno: -13, code: 'EACCES', syscall: 'mkdir', path: '/.wallet' }","time":"2016-07-08T01:27:42.474Z","v":0}
{"name":"dadi-web","hostname":"Jamess-MacBook.Home","pid":82368,"level":30,"module":"server","msg":"Template not found in cache, loading 'layout' (/Users/jameslambie/projects/code/dadi-stack/web/app/pages/layout.dust)","time":"2016-07-08T01:27:42.510Z","v":0}
{"name":"dadi-web","hostname":"Jamess-MacBook.Home","pid":82368,"level":30,"module":"server","msg":"Load complete.","time":"2016-07-08T01:27:42.577Z","v":0}
{"name":"dadi-web","hostname":"Jamess-MacBook.Home","pid":82368,"level":50,"module":"server","msg":"{ [Error: EACCES: permission denied, mkdir '/.wallet'] errno: -13, code: 'EACCES', syscall: 'mkdir', path: '/.wallet' }","time":"2016-07-08T01:27:42.579Z","v":0}
{"name":"dadi-web","hostname":"Jamess-MacBook.Home","pid":82368,"level":50,"module":"server","msg":"{ [Error: EACCES: permission denied, mkdir '/.wallet'] errno: -13, code: 'EACCES', syscall: 'mkdir', path: '/.wallet' }","time":"2016-07-08T01:27:42.579Z","v":0}
{"name":"dadi-web","hostname":"Jamess-MacBook.Home","pid":82368,"level":50,"module":"server","msg":"{ [Error: EACCES: permission denied, mkdir '/.wallet'] errno: -13, code: 'EACCES', syscall: 'mkdir', path: '/.wallet' }","time":"2016-07-08T01:27:42.579Z","v":0}
{"name":"dadi-web","hostname":"Jamess-MacBook.Home","pid":82368,"level":30,"module":"server","msg":"Server stopped, process exiting.","time":"2016-07-08T01:27:59.820Z","v":0}
{"name":"dadi-web","hostname":"Jamess-MacBook.Home","pid":82376,"level":30,"msg":"Starting DADI Web in single thread mode.","time":"2016-07-08T01:28:00.943Z","v":0}
{"name":"dadi-web","hostname":"Jamess-MacBook.Home","pid":82376,"level":30,"module":"server","msg":"Server logging started.","time":"2016-07-08T01:28:01.754Z","v":0}
{"name":"dadi-web","hostname":"Jamess-MacBook.Home","pid":82376,"level":30,"msg":"Transport security is not enabled.","time":"2016-07-08T01:28:01.759Z","v":0}
{"name":"dadi-web","hostname":"Jamess-MacBook.Home","pid":82376,"level":30,"module":"cache","msg":"Cache logging started.","time":"2016-07-08T01:28:01.784Z","v":0}
{"name":"dadi-web","hostname":"Jamess-MacBook.Home","pid":82376,"level":30,"module":"router","msg":"Router logging started.","time":"2016-07-08T01:28:01.784Z","v":0}
{"name":"dadi-web","hostname":"Jamess-MacBook.Home","pid":82376,"level":30,"msg":"Process 82376 is listening for incoming requests","time":"2016-07-08T01:28:01.791Z","v":0}
{"name":"dadi-web","hostname":"Jamess-MacBook.Home","pid":82376,"level":30,"module":"server","msg":"Created directory /Users/jameslambie/projects/code/dadi-stack/web/.wallet","time":"2016-07-08T01:28:01.811Z","v":0}
{"name":"dadi-web","hostname":"Jamess-MacBook.Home","pid":82376,"level":30,"module":"server","msg":"Template not found in cache, loading 'layout' (/Users/jameslambie/projects/code/dadi-stack/web/app/pages/layout.dust)","time":"2016-07-08T01:28:01.874Z","v":0}
{"name":"dadi-web","hostname":"Jamess-MacBook.Home","pid":82376,"level":30,"module":"server","msg":"Load complete.","time":"2016-07-08T01:28:01.924Z","v":0}
{"name":"dadi-web","hostname":"Jamess-MacBook.Home","pid":82376,"level":30,"module":"server","msg":"Server stopped, process exiting.","time":"2016-07-08T01:28:03.193Z","v":0}
{"name":"dadi-web","hostname":"Jamess-MacBook.Home","pid":82392,"level":30,"msg":"Starting DADI Web in single thread mode.","time":"2016-07-08T01:28:14.449Z","v":0}
{"name":"dadi-web","hostname":"Jamess-MacBook.Home","pid":82392,"level":30,"module":"server","msg":"Server logging started.","time":"2016-07-08T01:28:15.227Z","v":0}
{"name":"dadi-web","hostname":"Jamess-MacBook.Home","pid":82392,"level":30,"msg":"Transport security is not enabled.","time":"2016-07-08T01:28:15.230Z","v":0}
{"name":"dadi-web","hostname":"Jamess-MacBook.Home","pid":82392,"level":30,"module":"cache","msg":"Cache logging started.","time":"2016-07-08T01:28:15.253Z","v":0}
{"name":"dadi-web","hostname":"Jamess-MacBook.Home","pid":82392,"level":30,"module":"router","msg":"Router logging started.","time":"2016-07-08T01:28:15.254Z","v":0}
{"name":"dadi-web","hostname":"Jamess-MacBook.Home","pid":82392,"level":30,"msg":"Process 82392 is listening for incoming requests","time":"2016-07-08T01:28:15.261Z","v":0}
{"name":"dadi-web","hostname":"Jamess-MacBook.Home","pid":82392,"level":30,"module":"server","msg":"Template not found in cache, loading 'layout' (/Users/jameslambie/projects/code/dadi-stack/web/app/pages/layout.dust)","time":"2016-07-08T01:28:15.307Z","v":0}
{"name":"dadi-web","hostname":"Jamess-MacBook.Home","pid":82392,"level":30,"module":"server","msg":"Load complete.","time":"2016-07-08T01:28:15.366Z","v":0}
{"name":"dadi-web","hostname":"Jamess-MacBook.Home","pid":82392,"level":30,"module":"auth","msg":"Retrieving access token for \"/\"","time":"2016-07-08T01:28:31.942Z","v":0}
{"name":"dadi-web","hostname":"Jamess-MacBook.Home","pid":82392,"level":50,"module":"api","msg":"{ [Credentials not found or invalid: The authorization process failed for the clientId/secret pair provided]\n  name: 'Credentials not found or invalid',\n  message: 'The authorization process failed for the clientId/secret pair provided',\n  remoteIp: '127.0.0.1',\n  remotePort: 3000,\n  path: '/token' }","time":"2016-07-08T01:28:32.012Z","v":0}
{"name":"dadi-web","hostname":"Jamess-MacBook.Home","pid":82392,"level":50,"module":"api","msg":"{ [Credentials not found or invalid: The authorization process failed for the clientId/secret pair provided]\n  name: 'Credentials not found or invalid',\n  message: 'The authorization process failed for the clientId/secret pair provided',\n  remoteIp: '127.0.0.1',\n  remotePort: 3000,\n  path: '/token' }","time":"2016-07-08T01:28:32.012Z","v":0}
{"name":"dadi-web","hostname":"Jamess-MacBook.Home","pid":82392,"level":50,"module":"api","msg":"{ [Credentials not found or invalid: The authorization process failed for the clientId/secret pair provided]\n  name: 'Credentials not found or invalid',\n  message: 'The authorization process failed for the clientId/secret pair provided',\n  remoteIp: '127.0.0.1',\n  remotePort: 3000,\n  path: '/token' }","time":"2016-07-08T01:28:32.012Z","v":0}
{"name":"dadi-web","hostname":"Jamess-MacBook.Home","pid":82392,"level":30,"module":"server","msg":"Server stopped, process exiting.","time":"2016-07-08T01:28:32.025Z","v":0}
{"name":"dadi-web","hostname":"Jamess-MacBook.Home","pid":82440,"level":30,"msg":"Starting DADI Web in single thread mode.","time":"2016-07-08T01:30:00.294Z","v":0}
{"name":"dadi-web","hostname":"Jamess-MacBook.Home","pid":82440,"level":30,"module":"server","msg":"Server logging started.","time":"2016-07-08T01:30:01.597Z","v":0}
{"name":"dadi-web","hostname":"Jamess-MacBook.Home","pid":82440,"level":30,"msg":"Transport security is not enabled.","time":"2016-07-08T01:30:01.600Z","v":0}
{"name":"dadi-web","hostname":"Jamess-MacBook.Home","pid":82440,"level":30,"module":"cache","msg":"Cache logging started.","time":"2016-07-08T01:30:01.636Z","v":0}
{"name":"dadi-web","hostname":"Jamess-MacBook.Home","pid":82440,"level":30,"module":"router","msg":"Router logging started.","time":"2016-07-08T01:30:01.638Z","v":0}
{"name":"dadi-web","hostname":"Jamess-MacBook.Home","pid":82440,"level":30,"msg":"Process 82440 is listening for incoming requests","time":"2016-07-08T01:30:01.649Z","v":0}
{"name":"dadi-web","hostname":"Jamess-MacBook.Home","pid":82440,"level":30,"module":"server","msg":"Template not found in cache, loading 'layout' (/Users/jameslambie/projects/code/dadi-stack/web/app/pages/layout.dust)","time":"2016-07-08T01:30:01.716Z","v":0}
{"name":"dadi-web","hostname":"Jamess-MacBook.Home","pid":82440,"level":30,"module":"server","msg":"Load complete.","time":"2016-07-08T01:30:01.764Z","v":0}
{"name":"dadi-web","hostname":"Jamess-MacBook.Home","pid":82440,"level":30,"module":"auth","msg":"Retrieving access token for \"/\"","time":"2016-07-08T01:30:04.579Z","v":0}
{"name":"dadi-web","hostname":"Jamess-MacBook.Home","pid":82440,"level":50,"module":"api","msg":"{ [Credentials not found or invalid: The authorization process failed for the clientId/secret pair provided]\n  name: 'Credentials not found or invalid',\n  message: 'The authorization process failed for the clientId/secret pair provided',\n  remoteIp: '127.0.0.1',\n  remotePort: 3000,\n  path: '/token' }","time":"2016-07-08T01:30:04.619Z","v":0}
{"name":"dadi-web","hostname":"Jamess-MacBook.Home","pid":82440,"level":50,"module":"api","msg":"{ [Credentials not found or invalid: The authorization process failed for the clientId/secret pair provided]\n  name: 'Credentials not found or invalid',\n  message: 'The authorization process failed for the clientId/secret pair provided',\n  remoteIp: '127.0.0.1',\n  remotePort: 3000,\n  path: '/token' }","time":"2016-07-08T01:30:04.619Z","v":0}
{"name":"dadi-web","hostname":"Jamess-MacBook.Home","pid":82440,"level":50,"module":"api","msg":"{ [Credentials not found or invalid: The authorization process failed for the clientId/secret pair provided]\n  name: 'Credentials not found or invalid',\n  message: 'The authorization process failed for the clientId/secret pair provided',\n  remoteIp: '127.0.0.1',\n  remotePort: 3000,\n  path: '/token' }","time":"2016-07-08T01:30:04.619Z","v":0}
{"name":"dadi-web","hostname":"Jamess-MacBook.Home","pid":82440,"level":30,"module":"server","msg":"Server stopped, process exiting.","time":"2016-07-08T01:30:04.643Z","v":0}
{"name":"dadi-web","hostname":"Jamess-MacBook.Home","pid":82462,"level":30,"msg":"Starting DADI Web in single thread mode.","time":"2016-07-08T01:31:58.438Z","v":0}
{"name":"dadi-web","hostname":"Jamess-MacBook.Home","pid":82462,"level":30,"module":"server","msg":"Server logging started.","time":"2016-07-08T01:31:59.739Z","v":0}
{"name":"dadi-web","hostname":"Jamess-MacBook.Home","pid":82462,"level":30,"msg":"Transport security is not enabled.","time":"2016-07-08T01:31:59.742Z","v":0}
{"name":"dadi-web","hostname":"Jamess-MacBook.Home","pid":82462,"level":30,"module":"cache","msg":"Cache logging started.","time":"2016-07-08T01:31:59.779Z","v":0}
{"name":"dadi-web","hostname":"Jamess-MacBook.Home","pid":82462,"level":30,"module":"router","msg":"Router logging started.","time":"2016-07-08T01:31:59.780Z","v":0}
{"name":"dadi-web","hostname":"Jamess-MacBook.Home","pid":82462,"level":30,"msg":"Process 82462 is listening for incoming requests","time":"2016-07-08T01:31:59.788Z","v":0}
{"name":"dadi-web","hostname":"Jamess-MacBook.Home","pid":82462,"level":30,"module":"server","msg":"Template not found in cache, loading 'layout' (/Users/jameslambie/projects/code/dadi-stack/web/app/pages/layout.dust)","time":"2016-07-08T01:31:59.841Z","v":0}
{"name":"dadi-web","hostname":"Jamess-MacBook.Home","pid":82462,"level":30,"module":"server","msg":"Load complete.","time":"2016-07-08T01:31:59.862Z","v":0}
{"name":"dadi-web","hostname":"Jamess-MacBook.Home","pid":82462,"level":30,"module":"auth","msg":"Retrieving access token for \"/\"","time":"2016-07-08T01:32:01.914Z","v":0}
{"name":"dadi-web","hostname":"Jamess-MacBook.Home","pid":82462,"level":50,"module":"api","msg":"{ [Credentials not found or invalid: The authorization process failed for the clientId/secret pair provided]\n  name: 'Credentials not found or invalid',\n  message: 'The authorization process failed for the clientId/secret pair provided',\n  remoteIp: '127.0.0.1',\n  remotePort: 3000,\n  path: '/token' }","time":"2016-07-08T01:32:01.948Z","v":0}
{"name":"dadi-web","hostname":"Jamess-MacBook.Home","pid":82462,"level":50,"module":"api","msg":"{ [Credentials not found or invalid: The authorization process failed for the clientId/secret pair provided]\n  name: 'Credentials not found or invalid',\n  message: 'The authorization process failed for the clientId/secret pair provided',\n  remoteIp: '127.0.0.1',\n  remotePort: 3000,\n  path: '/token' }","time":"2016-07-08T01:32:01.948Z","v":0}
{"name":"dadi-web","hostname":"Jamess-MacBook.Home","pid":82462,"level":50,"module":"api","msg":"{ [Credentials not found or invalid: The authorization process failed for the clientId/secret pair provided]\n  name: 'Credentials not found or invalid',\n  message: 'The authorization process failed for the clientId/secret pair provided',\n  remoteIp: '127.0.0.1',\n  remotePort: 3000,\n  path: '/token' }","time":"2016-07-08T01:32:01.948Z","v":0}
{"name":"dadi-web","hostname":"Jamess-MacBook.Home","pid":82462,"level":30,"module":"server","msg":"Server stopped, process exiting.","time":"2016-07-08T01:32:01.965Z","v":0}
{"name":"dadi-web","hostname":"Jamess-MacBook.Home","pid":82496,"level":30,"msg":"Starting DADI Web in single thread mode.","time":"2016-07-08T01:32:32.529Z","v":0}
{"name":"dadi-web","hostname":"Jamess-MacBook.Home","pid":82496,"level":30,"module":"server","msg":"Server logging started.","time":"2016-07-08T01:32:33.852Z","v":0}
{"name":"dadi-web","hostname":"Jamess-MacBook.Home","pid":82496,"level":30,"msg":"Transport security is not enabled.","time":"2016-07-08T01:32:33.854Z","v":0}
{"name":"dadi-web","hostname":"Jamess-MacBook.Home","pid":82496,"level":30,"module":"cache","msg":"Cache logging started.","time":"2016-07-08T01:32:33.890Z","v":0}
{"name":"dadi-web","hostname":"Jamess-MacBook.Home","pid":82496,"level":30,"module":"router","msg":"Router logging started.","time":"2016-07-08T01:32:33.891Z","v":0}
{"name":"dadi-web","hostname":"Jamess-MacBook.Home","pid":82496,"level":30,"msg":"Process 82496 is listening for incoming requests","time":"2016-07-08T01:32:33.902Z","v":0}
{"name":"dadi-web","hostname":"Jamess-MacBook.Home","pid":82496,"level":30,"module":"server","msg":"Template not found in cache, loading 'layout' (/Users/jameslambie/projects/code/dadi-stack/web/app/pages/layout.dust)","time":"2016-07-08T01:32:33.945Z","v":0}
{"name":"dadi-web","hostname":"Jamess-MacBook.Home","pid":82496,"level":30,"module":"server","msg":"Load complete.","time":"2016-07-08T01:32:33.971Z","v":0}
{"name":"dadi-web","hostname":"Jamess-MacBook.Home","pid":82496,"level":30,"module":"auth","msg":"Retrieving access token for \"/\"","time":"2016-07-08T01:32:36.176Z","v":0}
{"name":"dadi-web","hostname":"Jamess-MacBook.Home","pid":82496,"level":50,"module":"api","msg":"{ [Credentials not found or invalid: The authorization process failed for the clientId/secret pair provided]\n  name: 'Credentials not found or invalid',\n  message: 'The authorization process failed for the clientId/secret pair provided',\n  remoteIp: '127.0.0.1',\n  remotePort: 3000,\n  path: '/token' }","time":"2016-07-08T01:32:36.209Z","v":0}
{"name":"dadi-web","hostname":"Jamess-MacBook.Home","pid":82496,"level":50,"module":"api","msg":"{ [Credentials not found or invalid: The authorization process failed for the clientId/secret pair provided]\n  name: 'Credentials not found or invalid',\n  message: 'The authorization process failed for the clientId/secret pair provided',\n  remoteIp: '127.0.0.1',\n  remotePort: 3000,\n  path: '/token' }","time":"2016-07-08T01:32:36.209Z","v":0}
{"name":"dadi-web","hostname":"Jamess-MacBook.Home","pid":82496,"level":50,"module":"api","msg":"{ [Credentials not found or invalid: The authorization process failed for the clientId/secret pair provided]\n  name: 'Credentials not found or invalid',\n  message: 'The authorization process failed for the clientId/secret pair provided',\n  remoteIp: '127.0.0.1',\n  remotePort: 3000,\n  path: '/token' }","time":"2016-07-08T01:32:36.209Z","v":0}
{"name":"dadi-web","hostname":"Jamess-MacBook.Home","pid":82496,"level":30,"module":"router","msg":"GET / 500 55ms","time":"2016-07-08T01:32:36.234Z","v":0}
{"name":"dadi-web","hostname":"Jamess-MacBook.Home","pid":82496,"level":30,"module":"auth","msg":"Retrieving access token for \"/\"","time":"2016-07-08T01:32:50.677Z","v":0}
{"name":"dadi-web","hostname":"Jamess-MacBook.Home","pid":82496,"level":50,"module":"api","msg":"{ [Credentials not found or invalid: The authorization process failed for the clientId/secret pair provided]\n  name: 'Credentials not found or invalid',\n  message: 'The authorization process failed for the clientId/secret pair provided',\n  remoteIp: '127.0.0.1',\n  remotePort: 3000,\n  path: '/token' }","time":"2016-07-08T01:32:50.690Z","v":0}
{"name":"dadi-web","hostname":"Jamess-MacBook.Home","pid":82496,"level":50,"module":"api","msg":"{ [Credentials not found or invalid: The authorization process failed for the clientId/secret pair provided]\n  name: 'Credentials not found or invalid',\n  message: 'The authorization process failed for the clientId/secret pair provided',\n  remoteIp: '127.0.0.1',\n  remotePort: 3000,\n  path: '/token' }","time":"2016-07-08T01:32:50.690Z","v":0}
{"name":"dadi-web","hostname":"Jamess-MacBook.Home","pid":82496,"level":50,"module":"api","msg":"{ [Credentials not found or invalid: The authorization process failed for the clientId/secret pair provided]\n  name: 'Credentials not found or invalid',\n  message: 'The authorization process failed for the clientId/secret pair provided',\n  remoteIp: '127.0.0.1',\n  remotePort: 3000,\n  path: '/token' }","time":"2016-07-08T01:32:50.690Z","v":0}
{"name":"dadi-web","hostname":"Jamess-MacBook.Home","pid":82496,"level":30,"module":"router","msg":"GET / 500 27ms","time":"2016-07-08T01:32:50.705Z","v":0}
{"name":"dadi-web","hostname":"Jamess-MacBook.Home","pid":82496,"level":30,"module":"auth","msg":"Retrieving access token for \"/css/0/public/css/main.min.css\"","time":"2016-07-08T01:32:50.945Z","v":0}
{"name":"dadi-web","hostname":"Jamess-MacBook.Home","pid":82496,"level":30,"module":"auth","msg":"Retrieving access token for \"/js/0/public/js/head.min.js\"","time":"2016-07-08T01:32:50.948Z","v":0}
{"name":"dadi-web","hostname":"Jamess-MacBook.Home","pid":82496,"level":50,"module":"api","msg":"{ [Credentials not found or invalid: The authorization process failed for the clientId/secret pair provided]\n  name: 'Credentials not found or invalid',\n  message: 'The authorization process failed for the clientId/secret pair provided',\n  remoteIp: '127.0.0.1',\n  remotePort: 3000,\n  path: '/token' }","time":"2016-07-08T01:32:50.968Z","v":0}
{"name":"dadi-web","hostname":"Jamess-MacBook.Home","pid":82496,"level":50,"module":"api","msg":"{ [Credentials not found or invalid: The authorization process failed for the clientId/secret pair provided]\n  name: 'Credentials not found or invalid',\n  message: 'The authorization process failed for the clientId/secret pair provided',\n  remoteIp: '127.0.0.1',\n  remotePort: 3000,\n  path: '/token' }","time":"2016-07-08T01:32:50.968Z","v":0}
{"name":"dadi-web","hostname":"Jamess-MacBook.Home","pid":82496,"level":50,"module":"api","msg":"{ [Credentials not found or invalid: The authorization process failed for the clientId/secret pair provided]\n  name: 'Credentials not found or invalid',\n  message: 'The authorization process failed for the clientId/secret pair provided',\n  remoteIp: '127.0.0.1',\n  remotePort: 3000,\n  path: '/token' }","time":"2016-07-08T01:32:50.968Z","v":0}
{"name":"dadi-web","hostname":"Jamess-MacBook.Home","pid":82496,"level":50,"module":"api","msg":"{ [Credentials not found or invalid: The authorization process failed for the clientId/secret pair provided]\n  name: 'Credentials not found or invalid',\n  message: 'The authorization process failed for the clientId/secret pair provided',\n  remoteIp: '127.0.0.1',\n  remotePort: 3000,\n  path: '/token' }","time":"2016-07-08T01:32:50.976Z","v":0}
{"name":"dadi-web","hostname":"Jamess-MacBook.Home","pid":82496,"level":50,"module":"api","msg":"{ [Credentials not found or invalid: The authorization process failed for the clientId/secret pair provided]\n  name: 'Credentials not found or invalid',\n  message: 'The authorization process failed for the clientId/secret pair provided',\n  remoteIp: '127.0.0.1',\n  remotePort: 3000,\n  path: '/token' }","time":"2016-07-08T01:32:50.976Z","v":0}
{"name":"dadi-web","hostname":"Jamess-MacBook.Home","pid":82496,"level":50,"module":"api","msg":"{ [Credentials not found or invalid: The authorization process failed for the clientId/secret pair provided]\n  name: 'Credentials not found or invalid',\n  message: 'The authorization process failed for the clientId/secret pair provided',\n  remoteIp: '127.0.0.1',\n  remotePort: 3000,\n  path: '/token' }","time":"2016-07-08T01:32:50.976Z","v":0}
{"name":"dadi-web","hostname":"Jamess-MacBook.Home","pid":82496,"level":30,"module":"router","msg":"GET /css/0/public/css/main.min.css 500 44ms","time":"2016-07-08T01:32:50.990Z","v":0}
{"name":"dadi-web","hostname":"Jamess-MacBook.Home","pid":82496,"level":30,"module":"router","msg":"GET /js/0/public/js/head.min.js 500 44ms","time":"2016-07-08T01:32:50.993Z","v":0}
{"name":"dadi-web","hostname":"Jamess-MacBook.Home","pid":82496,"level":30,"module":"auth","msg":"Retrieving access token for \"/png/0/0/0/0/0/0/0/0/0/aspectfit/0/0/0/0/0/0/public/img/favicon-16x16.png\"","time":"2016-07-08T01:32:51.743Z","v":0}
{"name":"dadi-web","hostname":"Jamess-MacBook.Home","pid":82496,"level":50,"module":"api","msg":"{ [Credentials not found or invalid: The authorization process failed for the clientId/secret pair provided]\n  name: 'Credentials not found or invalid',\n  message: 'The authorization process failed for the clientId/secret pair provided',\n  remoteIp: '127.0.0.1',\n  remotePort: 3000,\n  path: '/token' }","time":"2016-07-08T01:32:51.759Z","v":0}
{"name":"dadi-web","hostname":"Jamess-MacBook.Home","pid":82496,"level":50,"module":"api","msg":"{ [Credentials not found or invalid: The authorization process failed for the clientId/secret pair provided]\n  name: 'Credentials not found or invalid',\n  message: 'The authorization process failed for the clientId/secret pair provided',\n  remoteIp: '127.0.0.1',\n  remotePort: 3000,\n  path: '/token' }","time":"2016-07-08T01:32:51.759Z","v":0}
{"name":"dadi-web","hostname":"Jamess-MacBook.Home","pid":82496,"level":50,"module":"api","msg":"{ [Credentials not found or invalid: The authorization process failed for the clientId/secret pair provided]\n  name: 'Credentials not found or invalid',\n  message: 'The authorization process failed for the clientId/secret pair provided',\n  remoteIp: '127.0.0.1',\n  remotePort: 3000,\n  path: '/token' }","time":"2016-07-08T01:32:51.759Z","v":0}
{"name":"dadi-web","hostname":"Jamess-MacBook.Home","pid":82496,"level":30,"module":"router","msg":"GET /png/0/0/0/0/0/0/0/0/0/aspectfit/0/0/0/0/0/0/public/img/favicon-16x16.png 500 21ms","time":"2016-07-08T01:32:51.765Z","v":0}
{"name":"dadi-web","hostname":"Jamess-MacBook.Home","pid":82496,"level":30,"module":"auth","msg":"Retrieving access token for \"/png/0/0/0/0/0/0/0/0/0/aspectfit/0/0/0/0/0/0/public/img/favicon-32x32.png\"","time":"2016-07-08T01:32:51.775Z","v":0}
{"name":"dadi-web","hostname":"Jamess-MacBook.Home","pid":82496,"level":50,"module":"api","msg":"{ [Credentials not found or invalid: The authorization process failed for the clientId/secret pair provided]\n  name: 'Credentials not found or invalid',\n  message: 'The authorization process failed for the clientId/secret pair provided',\n  remoteIp: '127.0.0.1',\n  remotePort: 3000,\n  path: '/token' }","time":"2016-07-08T01:32:51.788Z","v":0}
{"name":"dadi-web","hostname":"Jamess-MacBook.Home","pid":82496,"level":50,"module":"api","msg":"{ [Credentials not found or invalid: The authorization process failed for the clientId/secret pair provided]\n  name: 'Credentials not found or invalid',\n  message: 'The authorization process failed for the clientId/secret pair provided',\n  remoteIp: '127.0.0.1',\n  remotePort: 3000,\n  path: '/token' }","time":"2016-07-08T01:32:51.788Z","v":0}
{"name":"dadi-web","hostname":"Jamess-MacBook.Home","pid":82496,"level":50,"module":"api","msg":"{ [Credentials not found or invalid: The authorization process failed for the clientId/secret pair provided]\n  name: 'Credentials not found or invalid',\n  message: 'The authorization process failed for the clientId/secret pair provided',\n  remoteIp: '127.0.0.1',\n  remotePort: 3000,\n  path: '/token' }","time":"2016-07-08T01:32:51.788Z","v":0}
{"name":"dadi-web","hostname":"Jamess-MacBook.Home","pid":82496,"level":30,"module":"router","msg":"GET /png/0/0/0/0/0/0/0/0/0/aspectfit/0/0/0/0/0/0/public/img/favicon-32x32.png 500 20ms","time":"2016-07-08T01:32:51.795Z","v":0}
{"name":"dadi-web","hostname":"Jamess-MacBook.Home","pid":82496,"level":30,"module":"router","msg":"GET /books 301 1ms","time":"2016-07-08T01:32:54.182Z","v":0}
{"name":"dadi-web","hostname":"Jamess-MacBook.Home","pid":82496,"level":30,"module":"auth","msg":"Retrieving access token for \"/books/\"","time":"2016-07-08T01:32:54.189Z","v":0}
{"name":"dadi-web","hostname":"Jamess-MacBook.Home","pid":82496,"level":50,"module":"api","msg":"{ [Credentials not found or invalid: The authorization process failed for the clientId/secret pair provided]\n  name: 'Credentials not found or invalid',\n  message: 'The authorization process failed for the clientId/secret pair provided',\n  remoteIp: '127.0.0.1',\n  remotePort: 3000,\n  path: '/token' }","time":"2016-07-08T01:32:54.202Z","v":0}
{"name":"dadi-web","hostname":"Jamess-MacBook.Home","pid":82496,"level":50,"module":"api","msg":"{ [Credentials not found or invalid: The authorization process failed for the clientId/secret pair provided]\n  name: 'Credentials not found or invalid',\n  message: 'The authorization process failed for the clientId/secret pair provided',\n  remoteIp: '127.0.0.1',\n  remotePort: 3000,\n  path: '/token' }","time":"2016-07-08T01:32:54.202Z","v":0}
{"name":"dadi-web","hostname":"Jamess-MacBook.Home","pid":82496,"level":50,"module":"api","msg":"{ [Credentials not found or invalid: The authorization process failed for the clientId/secret pair provided]\n  name: 'Credentials not found or invalid',\n  message: 'The authorization process failed for the clientId/secret pair provided',\n  remoteIp: '127.0.0.1',\n  remotePort: 3000,\n  path: '/token' }","time":"2016-07-08T01:32:54.202Z","v":0}
{"name":"dadi-web","hostname":"Jamess-MacBook.Home","pid":82496,"level":30,"module":"router","msg":"GET /books/ 500 20ms","time":"2016-07-08T01:32:54.208Z","v":0}
{"name":"dadi-web","hostname":"Jamess-MacBook.Home","pid":82496,"level":30,"module":"auth","msg":"Retrieving access token for \"/js/0/public/js/head.min.js\"","time":"2016-07-08T01:32:54.369Z","v":0}
{"name":"dadi-web","hostname":"Jamess-MacBook.Home","pid":82496,"level":30,"module":"auth","msg":"Retrieving access token for \"/css/0/public/css/main.min.css\"","time":"2016-07-08T01:32:54.371Z","v":0}
{"name":"dadi-web","hostname":"Jamess-MacBook.Home","pid":82496,"level":50,"module":"api","msg":"{ [Credentials not found or invalid: The authorization process failed for the clientId/secret pair provided]\n  name: 'Credentials not found or invalid',\n  message: 'The authorization process failed for the clientId/secret pair provided',\n  remoteIp: '127.0.0.1',\n  remotePort: 3000,\n  path: '/token' }","time":"2016-07-08T01:32:54.410Z","v":0}
{"name":"dadi-web","hostname":"Jamess-MacBook.Home","pid":82496,"level":50,"module":"api","msg":"{ [Credentials not found or invalid: The authorization process failed for the clientId/secret pair provided]\n  name: 'Credentials not found or invalid',\n  message: 'The authorization process failed for the clientId/secret pair provided',\n  remoteIp: '127.0.0.1',\n  remotePort: 3000,\n  path: '/token' }","time":"2016-07-08T01:32:54.410Z","v":0}
{"name":"dadi-web","hostname":"Jamess-MacBook.Home","pid":82496,"level":50,"module":"api","msg":"{ [Credentials not found or invalid: The authorization process failed for the clientId/secret pair provided]\n  name: 'Credentials not found or invalid',\n  message: 'The authorization process failed for the clientId/secret pair provided',\n  remoteIp: '127.0.0.1',\n  remotePort: 3000,\n  path: '/token' }","time":"2016-07-08T01:32:54.410Z","v":0}
{"name":"dadi-web","hostname":"Jamess-MacBook.Home","pid":82496,"level":50,"module":"api","msg":"{ [Credentials not found or invalid: The authorization process failed for the clientId/secret pair provided]\n  name: 'Credentials not found or invalid',\n  message: 'The authorization process failed for the clientId/secret pair provided',\n  remoteIp: '127.0.0.1',\n  remotePort: 3000,\n  path: '/token' }","time":"2016-07-08T01:32:54.416Z","v":0}
{"name":"dadi-web","hostname":"Jamess-MacBook.Home","pid":82496,"level":50,"module":"api","msg":"{ [Credentials not found or invalid: The authorization process failed for the clientId/secret pair provided]\n  name: 'Credentials not found or invalid',\n  message: 'The authorization process failed for the clientId/secret pair provided',\n  remoteIp: '127.0.0.1',\n  remotePort: 3000,\n  path: '/token' }","time":"2016-07-08T01:32:54.416Z","v":0}
{"name":"dadi-web","hostname":"Jamess-MacBook.Home","pid":82496,"level":50,"module":"api","msg":"{ [Credentials not found or invalid: The authorization process failed for the clientId/secret pair provided]\n  name: 'Credentials not found or invalid',\n  message: 'The authorization process failed for the clientId/secret pair provided',\n  remoteIp: '127.0.0.1',\n  remotePort: 3000,\n  path: '/token' }","time":"2016-07-08T01:32:54.416Z","v":0}
{"name":"dadi-web","hostname":"Jamess-MacBook.Home","pid":82496,"level":30,"module":"router","msg":"GET /js/0/public/js/head.min.js 500 70ms","time":"2016-07-08T01:32:54.445Z","v":0}
{"name":"dadi-web","hostname":"Jamess-MacBook.Home","pid":82496,"level":30,"module":"router","msg":"GET /css/0/public/css/main.min.css 500 75ms","time":"2016-07-08T01:32:54.450Z","v":0}
{"name":"dadi-web","hostname":"Jamess-MacBook.Home","pid":82496,"level":30,"module":"auth","msg":"Retrieving access token for \"/png/0/0/0/0/0/0/0/0/0/aspectfit/0/0/0/0/0/0/public/img/favicon-16x16.png\"","time":"2016-07-08T01:32:55.092Z","v":0}
{"name":"dadi-web","hostname":"Jamess-MacBook.Home","pid":82496,"level":50,"module":"api","msg":"{ [Credentials not found or invalid: The authorization process failed for the clientId/secret pair provided]\n  name: 'Credentials not found or invalid',\n  message: 'The authorization process failed for the clientId/secret pair provided',\n  remoteIp: '127.0.0.1',\n  remotePort: 3000,\n  path: '/token' }","time":"2016-07-08T01:32:55.102Z","v":0}
{"name":"dadi-web","hostname":"Jamess-MacBook.Home","pid":82496,"level":50,"module":"api","msg":"{ [Credentials not found or invalid: The authorization process failed for the clientId/secret pair provided]\n  name: 'Credentials not found or invalid',\n  message: 'The authorization process failed for the clientId/secret pair provided',\n  remoteIp: '127.0.0.1',\n  remotePort: 3000,\n  path: '/token' }","time":"2016-07-08T01:32:55.102Z","v":0}
{"name":"dadi-web","hostname":"Jamess-MacBook.Home","pid":82496,"level":50,"module":"api","msg":"{ [Credentials not found or invalid: The authorization process failed for the clientId/secret pair provided]\n  name: 'Credentials not found or invalid',\n  message: 'The authorization process failed for the clientId/secret pair provided',\n  remoteIp: '127.0.0.1',\n  remotePort: 3000,\n  path: '/token' }","time":"2016-07-08T01:32:55.102Z","v":0}
{"name":"dadi-web","hostname":"Jamess-MacBook.Home","pid":82496,"level":30,"module":"router","msg":"GET /png/0/0/0/0/0/0/0/0/0/aspectfit/0/0/0/0/0/0/public/img/favicon-16x16.png 500 19ms","time":"2016-07-08T01:32:55.112Z","v":0}
{"name":"dadi-web","hostname":"Jamess-MacBook.Home","pid":82496,"level":30,"module":"auth","msg":"Retrieving access token for \"/png/0/0/0/0/0/0/0/0/0/aspectfit/0/0/0/0/0/0/public/img/favicon-32x32.png\"","time":"2016-07-08T01:32:55.122Z","v":0}
{"name":"dadi-web","hostname":"Jamess-MacBook.Home","pid":82496,"level":50,"module":"api","msg":"{ [Credentials not found or invalid: The authorization process failed for the clientId/secret pair provided]\n  name: 'Credentials not found or invalid',\n  message: 'The authorization process failed for the clientId/secret pair provided',\n  remoteIp: '127.0.0.1',\n  remotePort: 3000,\n  path: '/token' }","time":"2016-07-08T01:32:55.141Z","v":0}
{"name":"dadi-web","hostname":"Jamess-MacBook.Home","pid":82496,"level":50,"module":"api","msg":"{ [Credentials not found or invalid: The authorization process failed for the clientId/secret pair provided]\n  name: 'Credentials not found or invalid',\n  message: 'The authorization process failed for the clientId/secret pair provided',\n  remoteIp: '127.0.0.1',\n  remotePort: 3000,\n  path: '/token' }","time":"2016-07-08T01:32:55.141Z","v":0}
{"name":"dadi-web","hostname":"Jamess-MacBook.Home","pid":82496,"level":50,"module":"api","msg":"{ [Credentials not found or invalid: The authorization process failed for the clientId/secret pair provided]\n  name: 'Credentials not found or invalid',\n  message: 'The authorization process failed for the clientId/secret pair provided',\n  remoteIp: '127.0.0.1',\n  remotePort: 3000,\n  path: '/token' }","time":"2016-07-08T01:32:55.141Z","v":0}
{"name":"dadi-web","hostname":"Jamess-MacBook.Home","pid":82496,"level":30,"module":"router","msg":"GET /png/0/0/0/0/0/0/0/0/0/aspectfit/0/0/0/0/0/0/public/img/favicon-32x32.png 500 26ms","time":"2016-07-08T01:32:55.147Z","v":0}
{"name":"dadi-web","hostname":"Jamess-MacBook.Home","pid":82496,"level":30,"module":"auth","msg":"Retrieving access token for \"/\"","time":"2016-07-08T01:33:05.180Z","v":0}
{"name":"dadi-web","hostname":"Jamess-MacBook.Home","pid":82496,"level":50,"module":"api","msg":"{ [Credentials not found or invalid: The authorization process failed for the clientId/secret pair provided]\n  name: 'Credentials not found or invalid',\n  message: 'The authorization process failed for the clientId/secret pair provided',\n  remoteIp: '127.0.0.1',\n  remotePort: 3000,\n  path: '/token' }","time":"2016-07-08T01:33:05.191Z","v":0}
{"name":"dadi-web","hostname":"Jamess-MacBook.Home","pid":82496,"level":50,"module":"api","msg":"{ [Credentials not found or invalid: The authorization process failed for the clientId/secret pair provided]\n  name: 'Credentials not found or invalid',\n  message: 'The authorization process failed for the clientId/secret pair provided',\n  remoteIp: '127.0.0.1',\n  remotePort: 3000,\n  path: '/token' }","time":"2016-07-08T01:33:05.191Z","v":0}
{"name":"dadi-web","hostname":"Jamess-MacBook.Home","pid":82496,"level":50,"module":"api","msg":"{ [Credentials not found or invalid: The authorization process failed for the clientId/secret pair provided]\n  name: 'Credentials not found or invalid',\n  message: 'The authorization process failed for the clientId/secret pair provided',\n  remoteIp: '127.0.0.1',\n  remotePort: 3000,\n  path: '/token' }","time":"2016-07-08T01:33:05.191Z","v":0}
{"name":"dadi-web","hostname":"Jamess-MacBook.Home","pid":82496,"level":30,"module":"router","msg":"GET / 500 32ms","time":"2016-07-08T01:33:05.212Z","v":0}
{"name":"dadi-web","hostname":"Jamess-MacBook.Home","pid":82496,"level":30,"module":"auth","msg":"Retrieving access token for \"/books/\"","time":"2016-07-08T01:35:59.575Z","v":0}
{"name":"dadi-web","hostname":"Jamess-MacBook.Home","pid":82496,"level":30,"module":"helper","msg":"GET datasource 'books': /1.0/library/books?count=10&page=1&referer=http%3A%2F%2Flocalhost%3A3001%2F&filter=%7B%7D&fields=%7B%7D&sort=%7B%22_id%22:-1%7D","time":"2016-07-08T01:35:59.643Z","v":0}
{"name":"dadi-web","hostname":"Jamess-MacBook.Home","pid":82496,"level":50,"module":"helper","msg":"Not Found (404): http://127.0.0.1:3000/1.0/library/books?count=10&page=1&referer=http%3A%2F%2Flocalhost%3A3001%2F&filter={}&fields={}&sort={\"_id\":-1}","time":"2016-07-08T01:35:59.654Z","v":0}
{"name":"dadi-web","hostname":"Jamess-MacBook.Home","pid":82496,"level":50,"module":"helper","msg":"Not Found (404): http://127.0.0.1:3000/1.0/library/books?count=10&page=1&referer=http%3A%2F%2Flocalhost%3A3001%2F&filter={}&fields={}&sort={\"_id\":-1}","time":"2016-07-08T01:35:59.654Z","v":0}
{"name":"dadi-web","hostname":"Jamess-MacBook.Home","pid":82496,"level":50,"module":"helper","msg":"Not Found (404): http://127.0.0.1:3000/1.0/library/books?count=10&page=1&referer=http%3A%2F%2Flocalhost%3A3001%2F&filter={}&fields={}&sort={\"_id\":-1}","time":"2016-07-08T01:35:59.654Z","v":0}
{"name":"dadi-web","hostname":"Jamess-MacBook.Home","pid":82562,"level":30,"msg":"Starting DADI Web in single thread mode.","time":"2016-07-08T01:36:52.979Z","v":0}
{"name":"dadi-web","hostname":"Jamess-MacBook.Home","pid":82562,"level":30,"module":"server","msg":"Server logging started.","time":"2016-07-08T01:36:54.276Z","v":0}
{"name":"dadi-web","hostname":"Jamess-MacBook.Home","pid":82562,"level":30,"msg":"Transport security is not enabled.","time":"2016-07-08T01:36:54.279Z","v":0}
{"name":"dadi-web","hostname":"Jamess-MacBook.Home","pid":82562,"level":30,"module":"cache","msg":"Cache logging started.","time":"2016-07-08T01:36:54.316Z","v":0}
{"name":"dadi-web","hostname":"Jamess-MacBook.Home","pid":82562,"level":30,"module":"router","msg":"Router logging started.","time":"2016-07-08T01:36:54.317Z","v":0}
{"name":"dadi-web","hostname":"Jamess-MacBook.Home","pid":82562,"level":30,"msg":"Process 82562 is listening for incoming requests","time":"2016-07-08T01:36:54.323Z","v":0}
{"name":"dadi-web","hostname":"Jamess-MacBook.Home","pid":82562,"level":30,"module":"server","msg":"Template not found in cache, loading 'layout' (/Users/jameslambie/projects/code/dadi-stack/web/app/pages/layout.dust)","time":"2016-07-08T01:36:54.376Z","v":0}
{"name":"dadi-web","hostname":"Jamess-MacBook.Home","pid":82562,"level":30,"module":"server","msg":"Load complete.","time":"2016-07-08T01:36:54.409Z","v":0}
{"name":"dadi-web","hostname":"Jamess-MacBook.Home","pid":82562,"level":30,"module":"auth","msg":"Retrieving access token for \"/books/\"","time":"2016-07-08T01:36:56.209Z","v":0}
{"name":"dadi-web","hostname":"Jamess-MacBook.Home","pid":82562,"level":30,"module":"helper","msg":"GET datasource 'books': /1.0/library/book?count=10&page=1&referer=http%3A%2F%2Flocalhost%3A3001%2F&filter=%7B%7D&fields=%7B%7D&sort=%7B%22_id%22:-1%7D","time":"2016-07-08T01:36:56.232Z","v":0}
{"name":"dadi-web","hostname":"Jamess-MacBook.Home","pid":82562,"level":50,"module":"api","msg":"{ [Error: ENOENT: no such file or directory, open '/Users/jameslambie/projects/code/dadi-stack/web/app/partials/gtm.dust']\n  errno: -2,\n  code: 'ENOENT',\n  syscall: 'open',\n  path: '/Users/jameslambie/projects/code/dadi-stack/web/app/partials/gtm.dust',\n  statusCode: 500 }","time":"2016-07-08T01:36:56.268Z","v":0}
{"name":"dadi-web","hostname":"Jamess-MacBook.Home","pid":82562,"level":50,"module":"api","msg":"{ [Error: ENOENT: no such file or directory, open '/Users/jameslambie/projects/code/dadi-stack/web/app/partials/gtm.dust']\n  errno: -2,\n  code: 'ENOENT',\n  syscall: 'open',\n  path: '/Users/jameslambie/projects/code/dadi-stack/web/app/partials/gtm.dust',\n  statusCode: 500 }","time":"2016-07-08T01:36:56.268Z","v":0}
{"name":"dadi-web","hostname":"Jamess-MacBook.Home","pid":82562,"level":50,"module":"api","msg":"{ [Error: ENOENT: no such file or directory, open '/Users/jameslambie/projects/code/dadi-stack/web/app/partials/gtm.dust']\n  errno: -2,\n  code: 'ENOENT',\n  syscall: 'open',\n  path: '/Users/jameslambie/projects/code/dadi-stack/web/app/partials/gtm.dust',\n  statusCode: 500 }","time":"2016-07-08T01:36:56.268Z","v":0}
{"name":"dadi-web","hostname":"Jamess-MacBook.Home","pid":82562,"level":30,"module":"router","msg":"GET /books/ 500 79ms","time":"2016-07-08T01:36:56.292Z","v":0}
{"name":"dadi-web","hostname":"Jamess-MacBook.Home","pid":82562,"level":30,"module":"auth","msg":"Retrieving access token for \"/css/0/public/css/main.min.css\"","time":"2016-07-08T01:36:56.489Z","v":0}
{"name":"dadi-web","hostname":"Jamess-MacBook.Home","pid":82562,"level":30,"module":"auth","msg":"Retrieving access token for \"/js/0/public/js/head.min.js\"","time":"2016-07-08T01:36:56.492Z","v":0}
{"name":"dadi-web","hostname":"Jamess-MacBook.Home","pid":82562,"level":30,"module":"router","msg":"GET /css/0/public/css/main.min.css 404 20ms","time":"2016-07-08T01:36:56.509Z","v":0}
{"name":"dadi-web","hostname":"Jamess-MacBook.Home","pid":82562,"level":30,"module":"router","msg":"GET /js/0/public/js/head.min.js 404 19ms","time":"2016-07-08T01:36:56.512Z","v":0}
{"name":"dadi-web","hostname":"Jamess-MacBook.Home","pid":82562,"level":30,"module":"auth","msg":"Retrieving access token for \"/png/0/0/0/0/0/0/0/0/0/aspectfit/0/0/0/0/0/0/public/img/favicon-16x16.png\"","time":"2016-07-08T01:36:57.103Z","v":0}
{"name":"dadi-web","hostname":"Jamess-MacBook.Home","pid":82562,"level":30,"module":"router","msg":"GET /png/0/0/0/0/0/0/0/0/0/aspectfit/0/0/0/0/0/0/public/img/favicon-16x16.png 404 6ms","time":"2016-07-08T01:36:57.110Z","v":0}
{"name":"dadi-web","hostname":"Jamess-MacBook.Home","pid":82562,"level":30,"module":"auth","msg":"Retrieving access token for \"/png/0/0/0/0/0/0/0/0/0/aspectfit/0/0/0/0/0/0/public/img/favicon-32x32.png\"","time":"2016-07-08T01:36:57.121Z","v":0}
{"name":"dadi-web","hostname":"Jamess-MacBook.Home","pid":82562,"level":30,"module":"router","msg":"GET /png/0/0/0/0/0/0/0/0/0/aspectfit/0/0/0/0/0/0/public/img/favicon-32x32.png 404 7ms","time":"2016-07-08T01:36:57.129Z","v":0}
{"name":"dadi-web","hostname":"Jamess-MacBook.Home","pid":82562,"level":30,"module":"server","msg":"Template not found in cache, loading 'layout' (/Users/jameslambie/projects/code/dadi-stack/web/app/pages/layout.dust)","time":"2016-07-08T01:38:04.590Z","v":0}
{"name":"dadi-web","hostname":"Jamess-MacBook.Home","pid":82562,"level":30,"module":"server","msg":"Server stopped, process exiting.","time":"2016-07-08T01:38:05.310Z","v":0}
{"name":"dadi-web","hostname":"Jamess-MacBook.Home","pid":82571,"level":30,"msg":"Starting DADI Web in single thread mode.","time":"2016-07-08T01:38:06.619Z","v":0}
{"name":"dadi-web","hostname":"Jamess-MacBook.Home","pid":82571,"level":30,"module":"server","msg":"Server logging started.","time":"2016-07-08T01:38:07.652Z","v":0}
{"name":"dadi-web","hostname":"Jamess-MacBook.Home","pid":82571,"level":30,"msg":"Transport security is not enabled.","time":"2016-07-08T01:38:07.655Z","v":0}
{"name":"dadi-web","hostname":"Jamess-MacBook.Home","pid":82571,"level":30,"module":"cache","msg":"Cache logging started.","time":"2016-07-08T01:38:07.687Z","v":0}
{"name":"dadi-web","hostname":"Jamess-MacBook.Home","pid":82571,"level":30,"module":"router","msg":"Router logging started.","time":"2016-07-08T01:38:07.688Z","v":0}
{"name":"dadi-web","hostname":"Jamess-MacBook.Home","pid":82571,"level":30,"msg":"Process 82571 is listening for incoming requests","time":"2016-07-08T01:38:07.697Z","v":0}
{"name":"dadi-web","hostname":"Jamess-MacBook.Home","pid":82571,"level":30,"module":"server","msg":"Template not found in cache, loading 'layout' (/Users/jameslambie/projects/code/dadi-stack/web/app/pages/layout.dust)","time":"2016-07-08T01:38:07.747Z","v":0}
{"name":"dadi-web","hostname":"Jamess-MacBook.Home","pid":82571,"level":30,"module":"server","msg":"Load complete.","time":"2016-07-08T01:38:07.779Z","v":0}
{"name":"dadi-web","hostname":"Jamess-MacBook.Home","pid":82571,"level":30,"module":"auth","msg":"Retrieving access token for \"/books/\"","time":"2016-07-08T01:38:09.536Z","v":0}
{"name":"dadi-web","hostname":"Jamess-MacBook.Home","pid":82571,"level":30,"module":"helper","msg":"GET datasource 'books': /1.0/library/book?count=10&page=1&referer=http%3A%2F%2Flocalhost%3A3001%2F&filter=%7B%7D&fields=%7B%7D&sort=%7B%22_id%22:-1%7D","time":"2016-07-08T01:38:09.557Z","v":0}
{"name":"dadi-web","hostname":"Jamess-MacBook.Home","pid":82571,"level":30,"module":"router","msg":"GET /books/ 200 49ms","time":"2016-07-08T01:38:09.588Z","v":0}
{"name":"dadi-web","hostname":"Jamess-MacBook.Home","pid":82571,"level":30,"module":"auth","msg":"Retrieving access token for \"/css/0/public/css/main.min.css\"","time":"2016-07-08T01:38:09.803Z","v":0}
{"name":"dadi-web","hostname":"Jamess-MacBook.Home","pid":82571,"level":30,"module":"router","msg":"GET /css/0/public/css/main.min.css 404 34ms","time":"2016-07-08T01:38:09.837Z","v":0}
{"name":"dadi-web","hostname":"Jamess-MacBook.Home","pid":82571,"level":30,"module":"auth","msg":"Retrieving access token for \"/js/0/public/js/head.min.js\"","time":"2016-07-08T01:38:09.841Z","v":0}
{"name":"dadi-web","hostname":"Jamess-MacBook.Home","pid":82571,"level":30,"module":"router","msg":"GET /js/0/public/js/head.min.js 404 42ms","time":"2016-07-08T01:38:09.884Z","v":0}
{"name":"dadi-web","hostname":"Jamess-MacBook.Home","pid":82571,"level":30,"module":"server","msg":"Server stopped, process exiting.","time":"2016-07-08T01:38:42.080Z","v":0}
